<?xml version="1.0" encoding="UTF-8"?>
<testsuite xmlns:xsi="http://www.w3.org/2001/XMLSchema-instance" xsi:noNamespaceSchemaLocation="https://maven.apache.org/surefire/maven-surefire-plugin/xsd/surefire-test-report.xsd" name="com.tetris.TestTetris3" time="0.921" tests="16" errors="0" skipped="0" failures="3">
  <properties>
    <property name="java.specification.version" value="24"/>
    <property name="sun.cpu.isalist" value="amd64"/>
    <property name="sun.jnu.encoding" value="Cp1252"/>
    <property name="java.class.path" value="C:\Users\BAUTISTA\Desktop\Proyectos JAVA Visual\Tetris-TP2\tetris-poo-tdd-master-main\target\test-classes;C:\Users\BAUTISTA\Desktop\Proyectos JAVA Visual\Tetris-TP2\tetris-poo-tdd-master-main\target\classes;C:\Users\BAUTISTA\.m2\repository\junit\junit\4.11\junit-4.11.jar;C:\Users\BAUTISTA\.m2\repository\org\hamcrest\hamcrest-core\1.3\hamcrest-core-1.3.jar;"/>
    <property name="java.vm.vendor" value="Oracle Corporation"/>
    <property name="sun.arch.data.model" value="64"/>
    <property name="user.variant" value=""/>
    <property name="java.vendor.url" value="https://java.oracle.com/"/>
    <property name="user.timezone" value="America/Buenos_Aires"/>
    <property name="os.name" value="Windows 11"/>
    <property name="java.vm.specification.version" value="24"/>
    <property name="user.country" value="US"/>
    <property name="sun.java.launcher" value="SUN_STANDARD"/>
    <property name="sun.boot.library.path" value="C:\Program Files\Java\jdk-24\bin"/>
    <property name="sun.java.command" value="C:\Users\BAUTISTA\AppData\Local\Temp\surefire4022536211002333670\surefirebooter17808905379201191368.jar C:\Users\BAUTISTA\AppData\Local\Temp\surefire4022536211002333670 2025-09-26T00-04-33_542-jvmRun1 surefire15303923673402593226tmp surefire_012578441751071460742tmp"/>
    <property name="jdk.debug" value="release"/>
    <property name="surefire.test.class.path" value="C:\Users\BAUTISTA\Desktop\Proyectos JAVA Visual\Tetris-TP2\tetris-poo-tdd-master-main\target\test-classes;C:\Users\BAUTISTA\Desktop\Proyectos JAVA Visual\Tetris-TP2\tetris-poo-tdd-master-main\target\classes;C:\Users\BAUTISTA\.m2\repository\junit\junit\4.11\junit-4.11.jar;C:\Users\BAUTISTA\.m2\repository\org\hamcrest\hamcrest-core\1.3\hamcrest-core-1.3.jar;"/>
    <property name="sun.cpu.endian" value="little"/>
    <property name="user.home" value="C:\Users\BAUTISTA"/>
    <property name="user.language" value="en"/>
    <property name="java.specification.vendor" value="Oracle Corporation"/>
    <property name="java.version.date" value="2025-07-15"/>
    <property name="java.home" value="C:\Program Files\Java\jdk-24"/>
    <property name="file.separator" value="\"/>
    <property name="basedir" value="C:\Users\BAUTISTA\Desktop\Proyectos JAVA Visual\Tetris-TP2\tetris-poo-tdd-master-main"/>
    <property name="java.vm.compressedOopsMode" value="Zero based"/>
    <property name="line.separator" value="&#10;"/>
    <property name="java.vm.specification.vendor" value="Oracle Corporation"/>
    <property name="java.specification.name" value="Java Platform API Specification"/>
    <property name="surefire.real.class.path" value="C:\Users\BAUTISTA\AppData\Local\Temp\surefire4022536211002333670\surefirebooter17808905379201191368.jar"/>
    <property name="user.script" value=""/>
    <property name="sun.management.compiler" value="HotSpot 64-Bit Tiered Compilers"/>
    <property name="java.runtime.version" value="24.0.2+12-54"/>
    <property name="user.name" value="BAUTISTA"/>
    <property name="stdout.encoding" value="Cp1252"/>
    <property name="path.separator" value=";"/>
    <property name="os.version" value="10.0"/>
    <property name="java.runtime.name" value="Java(TM) SE Runtime Environment"/>
    <property name="file.encoding" value="UTF-8"/>
    <property name="java.vm.name" value="Java HotSpot(TM) 64-Bit Server VM"/>
    <property name="maven.ext.class.path" value="C:\Users\BAUTISTA\.vscode\extensions\oracle.oracle-java-24.1.0\nbcode\java\maven-nblib\netbeans-eventspy.jar"/>
    <property name="localRepository" value="C:\Users\BAUTISTA\.m2\repository"/>
    <property name="java.vendor.url.bug" value="https://bugreport.java.com/bugreport/"/>
    <property name="java.io.tmpdir" value="C:\Users\BAUTISTA\AppData\Local\Temp\"/>
    <property name="java.version" value="24.0.2"/>
    <property name="user.dir" value="C:\Users\BAUTISTA\Desktop\Proyectos JAVA Visual\Tetris-TP2\tetris-poo-tdd-master-main"/>
    <property name="os.arch" value="amd64"/>
    <property name="java.vm.specification.name" value="Java Virtual Machine Specification"/>
    <property name="sun.os.patch.level" value=""/>
    <property name="native.encoding" value="Cp1252"/>
    <property name="java.library.path" value="C:\Program Files\Java\jdk-24\bin;C:\Windows\Sun\Java\bin;C:\Windows\system32;C:\Windows;C:\Program Files\Common Files\Oracle\Java\javapath;C:\Program Files\Eclipse Adoptium\jdk-21.0.8.9-hotspot\bin;C:\Program Files (x86)\Common Files\Oracle\Java\java8path;C:\Program Files (x86)\Common Files\Oracle\Java\javapath;C:\Windows\system32;C:\Windows;C:\Windows\System32\Wbem;C:\Windows\System32\WindowsPowerShell\v1.0\;C:\Windows\System32\OpenSSH\;C:\Program Files (x86)\NVIDIA Corporation\PhysX\Common;C:\Program Files\NVIDIA Corporation\NVIDIA App\NvDLISR;C:\Program Files\Git\cmd;C:\Users\BAUTISTA\AppData\Local\Microsoft\WindowsApps;C:\Users\BAUTISTA\AppData\Local\Programs\Microsoft VS Code\bin;."/>
    <property name="java.vm.info" value="mixed mode, sharing"/>
    <property name="stderr.encoding" value="Cp1252"/>
    <property name="java.vendor" value="Oracle Corporation"/>
    <property name="java.vm.version" value="24.0.2+12-54"/>
    <property name="sun.io.unicode.encoding" value="UnicodeLittle"/>
    <property name="java.class.version" value="68.0"/>
  </properties>
  <testcase name="testPieceDog_se_mueve_a_la_derecha_dos_veces_y_va_a_la_izquierda" classname="com.tetris.TestTetris3" time="0"/>
  <testcase name="testPieceDogLeft_baja_dos_vece" classname="com.tetris.TestTetris3" time="0"/>
  <testcase name="test_clock_pieceL" classname="com.tetris.TestTetris3" time="0.095"/>
  <testcase name="test_clock_pieceT" classname="com.tetris.TestTetris3" time="0.102"/>
  <testcase name="testBoard" classname="com.tetris.TestTetris3" time="0"/>
  <testcase name="testClock" classname="com.tetris.TestTetris3" time="0.502"/>
  <testcase name="testPieceDog_se_mueve_a_la_derecha_en_0_0" classname="com.tetris.TestTetris3" time="0">
    <failure type="java.lang.AssertionError">java.lang.AssertionError
	at com.tetris.TestTetris3.testPieceDog_se_mueve_a_la_derecha_en_0_0(TestTetris3.java:264)
</failure>
  </testcase>
  <testcase name="test_clock_pieceSquare" classname="com.tetris.TestTetris3" time="0.106"/>
  <testcase name="testPieceDog_se_mueve_a_la_izquierda_en_0_0" classname="com.tetris.TestTetris3" time="0.001"/>
  <testcase name="testPieceDog_Baja_dos_veces" classname="com.tetris.TestTetris3" time="0.001"/>
  <testcase name="testPieceStick_baja_una_vez" classname="com.tetris.TestTetris3" time="0.001"/>
  <testcase name="testPieceDog_baja_dos_veces" classname="com.tetris.TestTetris3" time="0.002">
    <failure type="java.lang.AssertionError">java.lang.AssertionError
	at com.tetris.TestTetris3.testPieceDog_baja_dos_veces(TestTetris3.java:185)
</failure>
  </testcase>
  <testcase name="test_clock_pieceDog" classname="com.tetris.TestTetris3" time="0.104"/>
  <testcase name="testPieceStick_baja_dos_veces" classname="com.tetris.TestTetris3" time="0"/>
  <testcase name="testPieceDog_se_mueve_a_la_derecha" classname="com.tetris.TestTetris3" time="0.001">
    <failure type="java.lang.AssertionError">java.lang.AssertionError
	at com.tetris.TestTetris3.testPieceDog_se_mueve_a_la_derecha(TestTetris3.java:215)
</failure>
  </testcase>
  <testcase name="testPieceDog_se_mueve_a_la_izquierda" classname="com.tetris.TestTetris3" time="0.001"/>
</testsuite>