<?xml version="1.0" encoding="UTF-8"?>
<testsuite xmlns:xsi="http://www.w3.org/2001/XMLSchema-instance" xsi:noNamespaceSchemaLocation="https://maven.apache.org/surefire/maven-surefire-plugin/xsd/surefire-test-report.xsd" name="com.tetris.TestTetris2" time="0.004" tests="21" errors="0" skipped="0" failures="2">
  <properties>
    <property name="java.specification.version" value="23"/>
    <property name="sun.cpu.isalist" value="amd64"/>
    <property name="sun.jnu.encoding" value="Cp1252"/>
    <property name="java.class.path" value="C:\Users\user\Desktop\Proyecto\Tetris-TP2\tetris-poo-tdd-master-main\target\test-classes;C:\Users\user\Desktop\Proyecto\Tetris-TP2\tetris-poo-tdd-master-main\target\classes;C:\Users\user\.m2\repository\junit\junit\4.11\junit-4.11.jar;C:\Users\user\.m2\repository\org\hamcrest\hamcrest-core\1.3\hamcrest-core-1.3.jar;"/>
    <property name="java.vm.vendor" value="Oracle Corporation"/>
    <property name="sun.arch.data.model" value="64"/>
    <property name="user.variant" value=""/>
    <property name="java.vendor.url" value="https://java.oracle.com/"/>
    <property name="user.timezone" value="America/Buenos_Aires"/>
    <property name="os.name" value="Windows 10"/>
    <property name="java.vm.specification.version" value="23"/>
    <property name="sun.java.launcher" value="SUN_STANDARD"/>
    <property name="user.country" value="ES"/>
    <property name="sun.boot.library.path" value="C:\Program Files\Java\jdk-23\bin"/>
    <property name="sun.java.command" value="C:\Users\user\AppData\Local\Temp\surefire2042905604165724460\surefirebooter4121089592287942638.jar C:\Users\user\AppData\Local\Temp\surefire2042905604165724460 2025-09-30T00-59-42_971-jvmRun1 surefire6925473456883100348tmp surefire_08641411855363035042tmp"/>
    <property name="jdk.debug" value="release"/>
    <property name="surefire.test.class.path" value="C:\Users\user\Desktop\Proyecto\Tetris-TP2\tetris-poo-tdd-master-main\target\test-classes;C:\Users\user\Desktop\Proyecto\Tetris-TP2\tetris-poo-tdd-master-main\target\classes;C:\Users\user\.m2\repository\junit\junit\4.11\junit-4.11.jar;C:\Users\user\.m2\repository\org\hamcrest\hamcrest-core\1.3\hamcrest-core-1.3.jar;"/>
    <property name="sun.cpu.endian" value="little"/>
    <property name="user.home" value="C:\Users\user"/>
    <property name="user.language" value="es"/>
    <property name="java.specification.vendor" value="Oracle Corporation"/>
    <property name="java.version.date" value="2024-10-15"/>
    <property name="java.home" value="C:\Program Files\Java\jdk-23"/>
    <property name="file.separator" value="\"/>
    <property name="basedir" value="C:\Users\user\Desktop\Proyecto\Tetris-TP2\tetris-poo-tdd-master-main"/>
    <property name="java.vm.compressedOopsMode" value="Zero based"/>
    <property name="line.separator" value="&#10;"/>
    <property name="java.vm.specification.vendor" value="Oracle Corporation"/>
    <property name="java.specification.name" value="Java Platform API Specification"/>
    <property name="surefire.real.class.path" value="C:\Users\user\AppData\Local\Temp\surefire2042905604165724460\surefirebooter4121089592287942638.jar"/>
    <property name="user.script" value=""/>
    <property name="sun.management.compiler" value="HotSpot 64-Bit Tiered Compilers"/>
    <property name="java.runtime.version" value="23.0.1+11-39"/>
    <property name="user.name" value="user"/>
    <property name="stdout.encoding" value="Cp1252"/>
    <property name="path.separator" value=";"/>
    <property name="os.version" value="10.0"/>
    <property name="java.runtime.name" value="Java(TM) SE Runtime Environment"/>
    <property name="file.encoding" value="UTF-8"/>
    <property name="java.vm.name" value="Java HotSpot(TM) 64-Bit Server VM"/>
    <property name="localRepository" value="C:\Users\user\.m2\repository"/>
    <property name="java.vendor.url.bug" value="https://bugreport.java.com/bugreport/"/>
    <property name="java.io.tmpdir" value="C:\Users\user\AppData\Local\Temp\"/>
    <property name="java.version" value="23.0.1"/>
    <property name="user.dir" value="C:\Users\user\Desktop\Proyecto\Tetris-TP2\tetris-poo-tdd-master-main"/>
    <property name="os.arch" value="amd64"/>
    <property name="java.vm.specification.name" value="Java Virtual Machine Specification"/>
    <property name="sun.os.patch.level" value=""/>
    <property name="native.encoding" value="Cp1252"/>
    <property name="java.library.path" value="C:\Program Files\Java\jdk-23\bin;C:\Windows\Sun\Java\bin;C:\Windows\system32;C:\Windows;C:\Program Files\Java\jdk-23\bin;C:\apache-maven-3.9.9\bin;C:\Program Files\Common Files\Oracle\Java\javapath;C:\Windows\system32;C:\Windows;C:\Windows\System32\Wbem;C:\Windows\System32\WindowsPowerShell\v1.0\;C:\Windows\System32\OpenSSH\;C:\Program Files (x86)\NVIDIA Corporation\PhysX\Common;C:\Program Files\NVIDIA Corporation\NVIDIA NvDLISR;C:\Program Files\dotnet\;C:\Program Files\Git\cmd;C:\Users\user\Downloads\herramientas\protoc\bin;C:\Program Files\nodejs\;C:\Users\user\AppData\Local\Microsoft\WindowsApps;C:\Users\user\AppData\Local\Programs\Microsoft VS Code\bin;C:\Users\user\AppData\Roaming\npm;C:\Users\user\AppData\Local\Programs\cursor\resources\app\bin;c:\Users\user\AppData\Roaming\Code\User\globalStorage\github.copilot-chat\debugCommand;."/>
    <property name="java.vm.info" value="mixed mode, sharing"/>
    <property name="stderr.encoding" value="Cp1252"/>
    <property name="java.vendor" value="Oracle Corporation"/>
    <property name="java.vm.version" value="23.0.1+11-39"/>
    <property name="sun.io.unicode.encoding" value="UnicodeLittle"/>
    <property name="java.class.version" value="67.0"/>
  </properties>
  <testcase name="girar_piezalLeft_derecha" classname="com.tetris.TestTetris2" time="0"/>
  <testcase name="girar_piezaStick_random" classname="com.tetris.TestTetris2" time="0">
    <failure type="java.lang.AssertionError">java.lang.AssertionError
	at com.tetris.TestTetris2.girar_piezaStick_random(TestTetris2.java:320)
</failure>
  </testcase>
  <testcase name="girar_palo_Der" classname="com.tetris.TestTetris2" time="0"/>
  <testcase name="girar_palo_izq" classname="com.tetris.TestTetris2" time="0"/>
  <testcase name="girar_piezalLeft_izquierda" classname="com.tetris.TestTetris2" time="0"/>
  <testcase name="girar_piezaLRight_random" classname="com.tetris.TestTetris2" time="0"/>
  <testcase name="girar_piezaT_random" classname="com.tetris.TestTetris2" time="0">
    <failure type="java.lang.AssertionError">java.lang.AssertionError
	at com.tetris.TestTetris2.girar_piezaT_random(TestTetris2.java:260)
</failure>
  </testcase>
  <testcase name="girar_DogLeft_derecha" classname="com.tetris.TestTetris2" time="0"/>
  <testcase name="girar_piezalDer_izq" classname="com.tetris.TestTetris2" time="0.001"/>
  <testcase name="girar_DogRight_izquierda" classname="com.tetris.TestTetris2" time="0"/>
  <testcase name="girar_piezaT_izquierda" classname="com.tetris.TestTetris2" time="0"/>
  <testcase name="girar_cubo_prueba" classname="com.tetris.TestTetris2" time="0"/>
  <testcase name="girar_DogLeft_izquierda" classname="com.tetris.TestTetris2" time="0"/>
  <testcase name="girar_piezaT_derecha" classname="com.tetris.TestTetris2" time="0"/>
  <testcase name="girar_palo_Der_dos_veces" classname="com.tetris.TestTetris2" time="0.001"/>
  <testcase name="girar_piezaSquare_random" classname="com.tetris.TestTetris2" time="0"/>
  <testcase name="girar_piezaLleft_random" classname="com.tetris.TestTetris2" time="0"/>
  <testcase name="girar_piezalDer_derecha" classname="com.tetris.TestTetris2" time="0"/>
  <testcase name="girar_piezaDogRight_random" classname="com.tetris.TestTetris2" time="0.001"/>
  <testcase name="girar_2_veces_piezaStick_random" classname="com.tetris.TestTetris2" time="0"/>
  <testcase name="girar_DogRight_derecha" classname="com.tetris.TestTetris2" time="0"/>
</testsuite>