<?xml version="1.0" encoding="UTF-8"?>
<testsuite xmlns:xsi="http://www.w3.org/2001/XMLSchema-instance" xsi:noNamespaceSchemaLocation="https://maven.apache.org/surefire/maven-surefire-plugin/xsd/surefire-test-report.xsd" name="com.tetris.TestTetris2" time="0.238" tests="14" errors="0" skipped="0" failures="0">
  <properties>
    <property name="java.specification.version" value="21"/>
    <property name="sun.cpu.isalist" value="amd64"/>
    <property name="sun.jnu.encoding" value="Cp1252"/>
    <property name="java.class.path" value="C:\Users\Juani\Desktop\Proyecto\Tetris-TP2\tetris-poo-tdd-master-main\target\test-classes;C:\Users\Juani\Desktop\Proyecto\Tetris-TP2\tetris-poo-tdd-master-main\target\classes;C:\Users\Juani\.m2\repository\junit\junit\4.11\junit-4.11.jar;C:\Users\Juani\.m2\repository\org\hamcrest\hamcrest-core\1.3\hamcrest-core-1.3.jar;"/>
    <property name="java.vm.vendor" value="Eclipse Adoptium"/>
    <property name="sun.arch.data.model" value="64"/>
    <property name="user.variant" value=""/>
    <property name="java.vendor.url" value="https://adoptium.net/"/>
    <property name="user.timezone" value="America/Buenos_Aires"/>
    <property name="os.name" value="Windows 11"/>
    <property name="java.vm.specification.version" value="21"/>
    <property name="sun.java.launcher" value="SUN_STANDARD"/>
    <property name="user.country" value="AR"/>
    <property name="sun.boot.library.path" value="C:\Program Files\Eclipse Adoptium\jdk-21.0.8.9-hotspot\bin"/>
    <property name="sun.java.command" value="C:\Users\Juani\AppData\Local\Temp\surefire8728696484263037215\surefirebooter12089280659403328550.jar C:\Users\Juani\AppData\Local\Temp\surefire8728696484263037215 2025-09-30T05-51-23_008-jvmRun1 surefire11263815708646527826tmp surefire_016435024760245969866tmp"/>
    <property name="jdk.debug" value="release"/>
    <property name="surefire.test.class.path" value="C:\Users\Juani\Desktop\Proyecto\Tetris-TP2\tetris-poo-tdd-master-main\target\test-classes;C:\Users\Juani\Desktop\Proyecto\Tetris-TP2\tetris-poo-tdd-master-main\target\classes;C:\Users\Juani\.m2\repository\junit\junit\4.11\junit-4.11.jar;C:\Users\Juani\.m2\repository\org\hamcrest\hamcrest-core\1.3\hamcrest-core-1.3.jar;"/>
    <property name="sun.cpu.endian" value="little"/>
    <property name="user.home" value="C:\Users\Juani"/>
    <property name="user.language" value="es"/>
    <property name="java.specification.vendor" value="Oracle Corporation"/>
    <property name="java.version.date" value="2025-07-15"/>
    <property name="java.home" value="C:\Program Files\Eclipse Adoptium\jdk-21.0.8.9-hotspot"/>
    <property name="file.separator" value="\"/>
    <property name="basedir" value="C:\Users\Juani\Desktop\Proyecto\Tetris-TP2\tetris-poo-tdd-master-main"/>
    <property name="java.vm.compressedOopsMode" value="32-bit"/>
    <property name="line.separator" value="&#10;"/>
    <property name="java.vm.specification.vendor" value="Oracle Corporation"/>
    <property name="java.specification.name" value="Java Platform API Specification"/>
    <property name="surefire.real.class.path" value="C:\Users\Juani\AppData\Local\Temp\surefire8728696484263037215\surefirebooter12089280659403328550.jar"/>
    <property name="user.script" value=""/>
    <property name="sun.management.compiler" value="HotSpot 64-Bit Tiered Compilers"/>
    <property name="java.runtime.version" value="21.0.8+9-LTS"/>
    <property name="user.name" value="Juani"/>
    <property name="stdout.encoding" value="Cp1252"/>
    <property name="path.separator" value=";"/>
    <property name="os.version" value="10.0"/>
    <property name="java.runtime.name" value="OpenJDK Runtime Environment"/>
    <property name="file.encoding" value="UTF-8"/>
    <property name="java.vm.name" value="OpenJDK 64-Bit Server VM"/>
    <property name="java.vendor.version" value="Temurin-21.0.8+9"/>
    <property name="localRepository" value="C:\Users\Juani\.m2\repository"/>
    <property name="java.vendor.url.bug" value="https://github.com/adoptium/adoptium-support/issues"/>
    <property name="java.io.tmpdir" value="C:\Users\Juani\AppData\Local\Temp\"/>
    <property name="java.version" value="21.0.8"/>
    <property name="user.dir" value="C:\Users\Juani\Desktop\Proyecto\Tetris-TP2\tetris-poo-tdd-master-main"/>
    <property name="os.arch" value="amd64"/>
    <property name="java.vm.specification.name" value="Java Virtual Machine Specification"/>
    <property name="sun.os.patch.level" value=""/>
    <property name="native.encoding" value="Cp1252"/>
    <property name="java.library.path" value="C:\Program Files\Eclipse Adoptium\jdk-21.0.8.9-hotspot\bin;C:\WINDOWS\Sun\Java\bin;C:\WINDOWS\system32;C:\WINDOWS;C:\Program Files\Eclipse Adoptium\jdk-21.0.8.9-hotspot\bin;C:\WINDOWS\system32;C:\WINDOWS;C:\WINDOWS\System32\Wbem;C:\WINDOWS\System32\WindowsPowerShell\v1.0\;C:\WINDOWS\System32\OpenSSH\;C:\Program Files\Git\cmd;C:\Program Files\nodejs\;C:\Users\Juani\Downloads\apache-maven-3.9.11-bin\apache-maven-3.9.11\bin;C:\Users\Juani\AppData\Local\pnpm;C:\Users\Juani\AppData\Local\Programs\Python\Python313\Scripts\;C:\Users\Juani\AppData\Local\Programs\Python\Python313\;C:\Users\Juani\AppData\Local\Microsoft\WindowsApps;C:\Users\Juani\AppData\Local\Programs\Microsoft VS Code\bin;C:\Users\Juani\AppData\Local\Programs\cursor\resources\app\bin;C:\Users\Juani\AppData\Roaming\npm;c:\Users\Juani\.vscode\extensions\ms-python.debugpy-2025.10.0-win32-x64\bundled\scripts\noConfigScripts;c:\Users\Juani\AppData\Roaming\Code\User\globalStorage\github.copilot-chat\debugCommand;."/>
    <property name="java.vm.info" value="mixed mode, sharing"/>
    <property name="stderr.encoding" value="Cp1252"/>
    <property name="java.vendor" value="Eclipse Adoptium"/>
    <property name="java.vm.version" value="21.0.8+9-LTS"/>
    <property name="sun.io.unicode.encoding" value="UnicodeLittle"/>
    <property name="java.class.version" value="65.0"/>
  </properties>
  <testcase name="girar_piezalLeft_derecha" classname="com.tetris.TestTetris2" time="0"/>
  <testcase name="girar_palo_Der" classname="com.tetris.TestTetris2" time="0.017"/>
  <testcase name="girar_palo_izq" classname="com.tetris.TestTetris2" time="0"/>
  <testcase name="girar_piezalLeft_izquierda" classname="com.tetris.TestTetris2" time="0"/>
  <testcase name="girar_DogLeft_derecha" classname="com.tetris.TestTetris2" time="0"/>
  <testcase name="girar_piezalDer_izq" classname="com.tetris.TestTetris2" time="0"/>
  <testcase name="girar_DogRight_izquierda" classname="com.tetris.TestTetris2" time="0"/>
  <testcase name="girar_piezaT_izquierda" classname="com.tetris.TestTetris2" time="0"/>
  <testcase name="girar_cubo_prueba" classname="com.tetris.TestTetris2" time="0"/>
  <testcase name="girar_DogLeft_izquierda" classname="com.tetris.TestTetris2" time="0"/>
  <testcase name="girar_piezaT_derecha" classname="com.tetris.TestTetris2" time="0"/>
  <testcase name="girar_palo_Der_dos_veces" classname="com.tetris.TestTetris2" time="0"/>
  <testcase name="girar_piezalDer_derecha" classname="com.tetris.TestTetris2" time="0"/>
  <testcase name="girar_DogRight_derecha" classname="com.tetris.TestTetris2" time="0"/>
</testsuite>